[debug] [2021-03-05T18:58:48.163Z] ----------------------------------------------------------------------
[debug] [2021-03-05T18:58:48.166Z] Command:       /usr/local/bin/node /usr/local/bin/firebase functions:shell
[debug] [2021-03-05T18:58:48.166Z] CLI Version:   9.5.0
[debug] [2021-03-05T18:58:48.166Z] Platform:      darwin
[debug] [2021-03-05T18:58:48.166Z] Node Version:  v14.16.0
[debug] [2021-03-05T18:58:48.172Z] Time:          Fri Mar 05 2021 11:58:48 GMT-0700 (Mountain Standard Time)
[debug] [2021-03-05T18:58:48.172Z] ----------------------------------------------------------------------
[debug] [2021-03-05T18:58:48.172Z] 
[debug] [2021-03-05T18:58:48.175Z] >>> [apiv2][query] GET https://firebase-public.firebaseio.com/cli.json [none]
[debug] [2021-03-05T18:58:48.207Z] > command requires scopes: ["email","openid","https://www.googleapis.com/auth/cloudplatformprojects.readonly","https://www.googleapis.com/auth/firebase","https://www.googleapis.com/auth/cloud-platform"]
[debug] [2021-03-05T18:58:48.208Z] > authorizing via signed-in user
[debug] [2021-03-05T18:58:48.208Z] [iam] checking project authentication-d0870 for permissions ["firebase.projects.get"]
[debug] [2021-03-05T18:58:48.209Z] > refreshing access token with scopes: ["email","https://www.googleapis.com/auth/cloud-platform","https://www.googleapis.com/auth/cloudplatformprojects.readonly","https://www.googleapis.com/auth/firebase","openid"]
[debug] [2021-03-05T18:58:48.209Z] >>> HTTP REQUEST POST https://www.googleapis.com/oauth2/v3/token  
 <request body omitted>
[debug] [2021-03-05T18:58:48.418Z] <<< HTTP RESPONSE 200 {"expires":"Mon, 01 Jan 1990 00:00:00 GMT","date":"Fri, 05 Mar 2021 18:58:48 GMT","cache-control":"no-cache, no-store, max-age=0, must-revalidate","pragma":"no-cache","content-type":"application/json; charset=utf-8","vary":"X-Origin, Referer, Origin,Accept-Encoding","server":"scaffolding on HTTPServer2","x-xss-protection":"0","x-frame-options":"SAMEORIGIN","x-content-type-options":"nosniff","alt-svc":"h3-29=\":443\"; ma=2592000,h3-T051=\":443\"; ma=2592000,h3-Q050=\":443\"; ma=2592000,h3-Q046=\":443\"; ma=2592000,h3-Q043=\":443\"; ma=2592000,quic=\":443\"; ma=2592000; v=\"46,43\"","accept-ranges":"none","transfer-encoding":"chunked"}
[debug] [2021-03-05T18:58:48.458Z] >>> HTTP REQUEST POST https://cloudresourcemanager.googleapis.com/v1/projects/authentication-d0870:testIamPermissions  
 {"permissions":["firebase.projects.get"]}
[debug] [2021-03-05T18:58:48.567Z] <<< [apiv2][status] GET https://firebase-public.firebaseio.com/cli.json 200
[debug] [2021-03-05T18:58:48.567Z] <<< [apiv2][body] GET https://firebase-public.firebaseio.com/cli.json {"cloudBuildErrorAfter":1594252800000,"cloudBuildWarnAfter":1590019200000,"defaultNode10After":1594252800000,"minVersion":"3.0.5","node8DeploysDisabledAfter":1613390400000,"node8RuntimeDisabledAfter":1615809600000,"node8WarnAfter":1600128000000}
[debug] [2021-03-05T18:58:49.038Z] <<< HTTP RESPONSE 200 {"content-type":"application/json; charset=UTF-8","vary":"X-Origin, Referer, Origin,Accept-Encoding","date":"Fri, 05 Mar 2021 18:58:48 GMT","server":"ESF","cache-control":"private","x-xss-protection":"0","x-frame-options":"SAMEORIGIN","x-content-type-options":"nosniff","server-timing":"gfet4t7; dur=211","alt-svc":"h3-29=\":443\"; ma=2592000,h3-T051=\":443\"; ma=2592000,h3-Q050=\":443\"; ma=2592000,h3-Q046=\":443\"; ma=2592000,h3-Q043=\":443\"; ma=2592000,quic=\":443\"; ma=2592000; v=\"46,43\"","accept-ranges":"none","transfer-encoding":"chunked"}
[debug] [2021-03-05T18:58:49.040Z] [iam] error while checking permissions, command may fail: FirebaseError: Authorization failed. This account is missing the following required permissions on project authentication-d0870:

  firebase.projects.get
[warn] ⚠  Your requested "node" version "12" doesn't match your global version "14" {"metadata":{"emulator":{"name":"functions"},"message":"Your requested \"node\" version \"12\" doesn't match your global version \"14\""}}
[debug] [2021-03-05T18:58:49.053Z] defaultcredentials: writing to file /Users/avaludlam/.config/firebase/ava_ludlam_gmail.com_application_default_credentials.json
[debug] [2021-03-05T18:58:49.055Z] DEBUG: Setting GAC to /Users/avaludlam/.config/firebase/ava_ludlam_gmail.com_application_default_credentials.json
[debug] [2021-03-05T18:58:49.055Z] > refreshing access token with scopes: []
[debug] [2021-03-05T18:58:49.056Z] >>> HTTP REQUEST POST https://www.googleapis.com/oauth2/v3/token  
 <request body omitted>
[debug] [2021-03-05T18:58:49.215Z] <<< HTTP RESPONSE 200 {"date":"Fri, 05 Mar 2021 18:58:49 GMT","pragma":"no-cache","cache-control":"no-cache, no-store, max-age=0, must-revalidate","expires":"Mon, 01 Jan 1990 00:00:00 GMT","content-type":"application/json; charset=utf-8","vary":"X-Origin, Referer, Origin,Accept-Encoding","server":"scaffolding on HTTPServer2","x-xss-protection":"0","x-frame-options":"SAMEORIGIN","x-content-type-options":"nosniff","alt-svc":"h3-29=\":443\"; ma=2592000,h3-T051=\":443\"; ma=2592000,h3-Q050=\":443\"; ma=2592000,h3-Q046=\":443\"; ma=2592000,h3-Q043=\":443\"; ma=2592000,quic=\":443\"; ma=2592000; v=\"46,43\"","accept-ranges":"none","transfer-encoding":"chunked"}
[debug] [2021-03-05T18:58:49.233Z] >>> [apiv2][query] GET https://firebase.googleapis.com/v1beta1/projects/authentication-d0870/adminSdkConfig [none]
[debug] [2021-03-05T18:58:49.543Z] <<< [apiv2][status] GET https://firebase.googleapis.com/v1beta1/projects/authentication-d0870/adminSdkConfig 403
[debug] [2021-03-05T18:58:49.543Z] <<< [apiv2][body] GET https://firebase.googleapis.com/v1beta1/projects/authentication-d0870/adminSdkConfig {"error":{"code":403,"message":"The caller does not have permission","status":"PERMISSION_DENIED"}}
[debug] [2021-03-05T18:58:49.543Z] Failed to get Admin SDK config for authentication-d0870, falling back to cache Failed to get Admin SDK for Firebase project authentication-d0870. Please make sure the project exists and your account has permission to access it. {"name":"FirebaseError","children":[],"exit":2,"message":"Failed to get Admin SDK for Firebase project authentication-d0870. Please make sure the project exists and your account has permission to access it.","original":{"name":"FirebaseError","children":[],"context":{"body":{"error":{"code":403,"message":"The caller does not have permission","status":"PERMISSION_DENIED"}},"response":{"statusCode":403}},"exit":1,"message":"HTTP Error: 403, The caller does not have permission","status":403},"status":500}
[warn] ⚠  functions: Unable to fetch project Admin SDK configuration, Admin SDK behavior in Cloud Functions emulator may be incorrect. {"metadata":{"emulator":{"name":"functions"},"message":"Unable to fetch project Admin SDK configuration, Admin SDK behavior in Cloud Functions emulator may be incorrect."}}
[debug] [2021-03-05T18:58:49.566Z] [functions] Watching "/Users/avaludlam/Documents/GitHub/to-do/functions" for Cloud Functions...
[debug] [2021-03-05T18:58:49.582Z] DEBUG: [worker-pool] addWorker(~diagnostic~)
[debug] [2021-03-05T18:58:49.582Z] DEBUG: [worker-pool] Adding worker with key ~diagnostic~, total=1
[debug] [2021-03-05T18:58:49.582Z] DEBUG: [worker-pool] submitWork(triggerId=)
[debug] [2021-03-05T18:58:49.583Z] DEBUG: [worker-~diagnostic~-e7939162-175c-46c9-89c1-64db2d57f02b]: Assigning socketPath: /var/folders/q9/4p6ys8x15tn6xpj13_mjmj380000gn/T/fire_emu_1614.sock
[debug] [2021-03-05T18:58:49.583Z] DEBUG: [worker-~diagnostic~-e7939162-175c-46c9-89c1-64db2d57f02b]: BUSY
[debug] [2021-03-05T18:58:49.807Z] DEBUG: [runtime-status] [1614] Functions runtime initialized. {"cwd":"/Users/avaludlam/Documents/GitHub/to-do/functions","node_version":"14.16.0"}
[debug] [2021-03-05T18:58:49.812Z] DEBUG: [runtime-status] [1614] Disabled runtime features: undefined
[debug] [2021-03-05T18:58:49.818Z] DEBUG: [runtime-status] [1614] Resolved module firebase-admin {"declared":true,"installed":true,"version":"9.5.0","resolution":"/Users/avaludlam/Documents/GitHub/to-do/functions/node_modules/firebase-admin/lib/index.js"}
[debug] [2021-03-05T18:58:49.821Z] DEBUG: [runtime-status] [1614] Resolved module firebase-functions {"declared":true,"installed":true,"version":"3.13.2","resolution":"/Users/avaludlam/Documents/GitHub/to-do/functions/node_modules/firebase-functions/lib/index.js"}
[debug] [2021-03-05T18:58:49.829Z] DEBUG: [runtime-status] [1614] Resolved module firebase-functions {"declared":true,"installed":true,"version":"3.13.2","resolution":"/Users/avaludlam/Documents/GitHub/to-do/functions/node_modules/firebase-functions/lib/index.js"}
[debug] [2021-03-05T18:58:49.834Z] DEBUG: [runtime-status] [1614] Outgoing network have been stubbed. [{"name":"http","status":"mocked"},{"name":"http","status":"mocked"},{"name":"https","status":"mocked"},{"name":"https","status":"mocked"},{"name":"net","status":"mocked"}]
[debug] [2021-03-05T18:58:49.836Z] DEBUG: [runtime-status] [1614] Resolved module firebase-functions {"declared":true,"installed":true,"version":"3.13.2","resolution":"/Users/avaludlam/Documents/GitHub/to-do/functions/node_modules/firebase-functions/lib/index.js"}
[debug] [2021-03-05T18:58:49.914Z] DEBUG: [runtime-status] [1614] Checked functions.config() {"config":{}}
[debug] [2021-03-05T18:58:49.915Z] DEBUG: [runtime-status] [1614] firebase-functions has been stubbed. {"functionsResolution":{"declared":true,"installed":true,"version":"3.13.2","resolution":"/Users/avaludlam/Documents/GitHub/to-do/functions/node_modules/firebase-functions/lib/index.js"}}
[debug] [2021-03-05T18:58:49.916Z] DEBUG: [runtime-status] [1614] Resolved module firebase-functions {"declared":true,"installed":true,"version":"3.13.2","resolution":"/Users/avaludlam/Documents/GitHub/to-do/functions/node_modules/firebase-functions/lib/index.js"}
[debug] [2021-03-05T18:58:49.917Z] DEBUG: [runtime-status] [1614] Resolved module firebase-admin {"declared":true,"installed":true,"version":"9.5.0","resolution":"/Users/avaludlam/Documents/GitHub/to-do/functions/node_modules/firebase-admin/lib/index.js"}
[debug] [2021-03-05T18:58:49.918Z] DEBUG: [runtime-status] [1614] Resolved module firebase-functions {"declared":true,"installed":true,"version":"3.13.2","resolution":"/Users/avaludlam/Documents/GitHub/to-do/functions/node_modules/firebase-functions/lib/index.js"}
[debug] [2021-03-05T18:58:49.919Z] DEBUG: [runtime-status] [1614] firebase-admin has been stubbed. {"adminResolution":{"declared":true,"installed":true,"version":"9.5.0","resolution":"/Users/avaludlam/Documents/GitHub/to-do/functions/node_modules/firebase-admin/lib/index.js"}}
[debug] [2021-03-05T18:58:49.921Z] DEBUG: [runtime-status] [1614] initializeApp(DEFAULT) {"storageBucket":"authentication-d0870.appspot.com","databaseURL":"https://authentication-d0870.firebaseio.com","projectId":"authentication-d0870"}
[warn] ⚠  functions: The Cloud Firestore emulator is not running, so calls to Firestore will affect production. {"metadata":{"emulator":{"name":"functions"},"message":"The Cloud Firestore emulator is not running, so calls to Firestore will affect production."}}
[debug] [2021-03-05T18:58:50.299Z] addAuthTrigger {"eventTrigger":{"resource":"projects/authentication-d0870","eventType":"providers/firebase.auth/eventTypes/user.create","service":"firebaseauth.googleapis.com"}}
[debug] [2021-03-05T18:58:50.299Z] [functions[authOnCreate]] auth function initialized.
[info] i  functions: Loaded functions: authOnCreate 
[warn] ⚠  functions: The following emulators are not running, calls to these services will affect production: firestore, database, pubsub 
[debug] [2021-03-05T18:58:50.339Z] DEBUG: [worker-~diagnostic~-e7939162-175c-46c9-89c1-64db2d57f02b]: IDLE
[debug] [2021-03-05T19:04:23.693Z] DEBUG: File /Users/avaludlam/Documents/GitHub/to-do/functions/package.json changed, reloading triggers
[debug] [2021-03-05T19:04:24.695Z] DEBUG: [worker-pool] Shutting down IDLE worker (~diagnostic~)
[debug] [2021-03-05T19:04:24.695Z] DEBUG: [worker-~diagnostic~-e7939162-175c-46c9-89c1-64db2d57f02b]: FINISHING
[debug] [2021-03-05T19:04:24.704Z] DEBUG: [worker-pool] addWorker(~diagnostic~)
[debug] [2021-03-05T19:04:24.705Z] DEBUG: [worker-pool] Adding worker with key ~diagnostic~, total=2
[debug] [2021-03-05T19:04:24.705Z] DEBUG: [worker-pool] submitWork(triggerId=)
[debug] [2021-03-05T19:04:24.705Z] DEBUG: [worker-~diagnostic~-ddd8bde1-c7a8-42ad-902a-96bc150d901a]: Assigning socketPath: /var/folders/q9/4p6ys8x15tn6xpj13_mjmj380000gn/T/fire_emu_2868.sock
[debug] [2021-03-05T19:04:24.705Z] DEBUG: [worker-~diagnostic~-ddd8bde1-c7a8-42ad-902a-96bc150d901a]: BUSY
[debug] [2021-03-05T19:04:24.707Z] DEBUG: [worker-~diagnostic~-e7939162-175c-46c9-89c1-64db2d57f02b]: exited
[debug] [2021-03-05T19:04:24.708Z] DEBUG: [worker-~diagnostic~-e7939162-175c-46c9-89c1-64db2d57f02b]: FINISHED
[debug] [2021-03-05T19:04:24.939Z] DEBUG: [runtime-status] [2868] Functions runtime initialized. {"cwd":"/Users/avaludlam/Documents/GitHub/to-do/functions","node_version":"14.16.0"}
[debug] [2021-03-05T19:04:24.941Z] DEBUG: [runtime-status] [2868] Disabled runtime features: undefined
[debug] [2021-03-05T19:04:24.943Z] DEBUG: [runtime-status] [2868] Resolved module firebase-admin {"declared":true,"installed":true,"version":"9.5.0","resolution":"/Users/avaludlam/Documents/GitHub/to-do/functions/node_modules/firebase-admin/lib/index.js"}
[debug] [2021-03-05T19:04:24.945Z] DEBUG: [runtime-status] [2868] Resolved module firebase-functions {"declared":true,"installed":true,"version":"3.13.2","resolution":"/Users/avaludlam/Documents/GitHub/to-do/functions/node_modules/firebase-functions/lib/index.js"}
[debug] [2021-03-05T19:04:24.952Z] DEBUG: [runtime-status] [2868] Resolved module firebase-functions {"declared":true,"installed":true,"version":"3.13.2","resolution":"/Users/avaludlam/Documents/GitHub/to-do/functions/node_modules/firebase-functions/lib/index.js"}
[debug] [2021-03-05T19:04:24.952Z] DEBUG: [runtime-status] [2868] Outgoing network have been stubbed. [{"name":"http","status":"mocked"},{"name":"http","status":"mocked"},{"name":"https","status":"mocked"},{"name":"https","status":"mocked"},{"name":"net","status":"mocked"}]
[debug] [2021-03-05T19:04:24.952Z] DEBUG: [runtime-status] [2868] Resolved module firebase-functions {"declared":true,"installed":true,"version":"3.13.2","resolution":"/Users/avaludlam/Documents/GitHub/to-do/functions/node_modules/firebase-functions/lib/index.js"}
[debug] [2021-03-05T19:04:25.026Z] DEBUG: [runtime-status] [2868] Checked functions.config() {"config":{}}
[debug] [2021-03-05T19:04:25.026Z] DEBUG: [runtime-status] [2868] firebase-functions has been stubbed. {"functionsResolution":{"declared":true,"installed":true,"version":"3.13.2","resolution":"/Users/avaludlam/Documents/GitHub/to-do/functions/node_modules/firebase-functions/lib/index.js"}}
[debug] [2021-03-05T19:04:25.026Z] DEBUG: [runtime-status] [2868] Resolved module firebase-functions {"declared":true,"installed":true,"version":"3.13.2","resolution":"/Users/avaludlam/Documents/GitHub/to-do/functions/node_modules/firebase-functions/lib/index.js"}
[debug] [2021-03-05T19:04:25.027Z] DEBUG: [runtime-status] [2868] Resolved module firebase-admin {"declared":true,"installed":true,"version":"9.5.0","resolution":"/Users/avaludlam/Documents/GitHub/to-do/functions/node_modules/firebase-admin/lib/index.js"}
[debug] [2021-03-05T19:04:25.028Z] DEBUG: [runtime-status] [2868] Resolved module firebase-functions {"declared":true,"installed":true,"version":"3.13.2","resolution":"/Users/avaludlam/Documents/GitHub/to-do/functions/node_modules/firebase-functions/lib/index.js"}
[debug] [2021-03-05T19:04:25.028Z] DEBUG: [runtime-status] [2868] firebase-admin has been stubbed. {"adminResolution":{"declared":true,"installed":true,"version":"9.5.0","resolution":"/Users/avaludlam/Documents/GitHub/to-do/functions/node_modules/firebase-admin/lib/index.js"}}
[debug] [2021-03-05T19:04:25.030Z] DEBUG: [runtime-status] [2868] initializeApp(DEFAULT) {"storageBucket":"authentication-d0870.appspot.com","databaseURL":"https://authentication-d0870.firebaseio.com","projectId":"authentication-d0870"}
[debug] [2021-03-05T19:04:25.534Z] DEBUG: [worker-~diagnostic~-ddd8bde1-c7a8-42ad-902a-96bc150d901a]: IDLE
[debug] [2021-03-05T19:04:26.010Z] DEBUG: File /Users/avaludlam/Documents/GitHub/to-do/functions/package.json changed, reloading triggers
[debug] [2021-03-05T19:04:27.011Z] DEBUG: [worker-pool] Shutting down IDLE worker (~diagnostic~)
[debug] [2021-03-05T19:04:27.011Z] DEBUG: [worker-~diagnostic~-ddd8bde1-c7a8-42ad-902a-96bc150d901a]: FINISHING
[debug] [2021-03-05T19:04:27.011Z] DEBUG: [worker-pool] Cleaned up workers for ~diagnostic~: 2 --> 1
[debug] [2021-03-05T19:04:27.018Z] DEBUG: [worker-pool] addWorker(~diagnostic~)
[debug] [2021-03-05T19:04:27.019Z] DEBUG: [worker-pool] Adding worker with key ~diagnostic~, total=2
[debug] [2021-03-05T19:04:27.019Z] DEBUG: [worker-pool] submitWork(triggerId=)
[debug] [2021-03-05T19:04:27.019Z] DEBUG: [worker-~diagnostic~-74f5be0a-0dc1-4475-b945-a4608c73c1c0]: Assigning socketPath: /var/folders/q9/4p6ys8x15tn6xpj13_mjmj380000gn/T/fire_emu_2895.sock
[debug] [2021-03-05T19:04:27.019Z] DEBUG: [worker-~diagnostic~-74f5be0a-0dc1-4475-b945-a4608c73c1c0]: BUSY
[debug] [2021-03-05T19:04:27.022Z] DEBUG: [worker-~diagnostic~-ddd8bde1-c7a8-42ad-902a-96bc150d901a]: exited
[debug] [2021-03-05T19:04:27.022Z] DEBUG: [worker-~diagnostic~-ddd8bde1-c7a8-42ad-902a-96bc150d901a]: FINISHED
[debug] [2021-03-05T19:04:27.219Z] DEBUG: [runtime-status] [2895] Functions runtime initialized. {"cwd":"/Users/avaludlam/Documents/GitHub/to-do/functions","node_version":"14.16.0"}
[debug] [2021-03-05T19:04:27.220Z] DEBUG: [runtime-status] [2895] Disabled runtime features: undefined
[debug] [2021-03-05T19:04:27.223Z] DEBUG: [runtime-status] [2895] Resolved module firebase-admin {"declared":true,"installed":true,"version":"9.5.0","resolution":"/Users/avaludlam/Documents/GitHub/to-do/functions/node_modules/firebase-admin/lib/index.js"}
[debug] [2021-03-05T19:04:27.224Z] DEBUG: [runtime-status] [2895] Resolved module firebase-functions {"declared":true,"installed":true,"version":"3.13.2","resolution":"/Users/avaludlam/Documents/GitHub/to-do/functions/node_modules/firebase-functions/lib/index.js"}
[debug] [2021-03-05T19:04:27.228Z] DEBUG: [runtime-status] [2895] Resolved module firebase-functions {"declared":true,"installed":true,"version":"3.13.2","resolution":"/Users/avaludlam/Documents/GitHub/to-do/functions/node_modules/firebase-functions/lib/index.js"}
[debug] [2021-03-05T19:04:27.231Z] DEBUG: [runtime-status] [2895] Outgoing network have been stubbed. [{"name":"http","status":"mocked"},{"name":"http","status":"mocked"},{"name":"https","status":"mocked"},{"name":"https","status":"mocked"},{"name":"net","status":"mocked"}]
[debug] [2021-03-05T19:04:27.232Z] DEBUG: [runtime-status] [2895] Resolved module firebase-functions {"declared":true,"installed":true,"version":"3.13.2","resolution":"/Users/avaludlam/Documents/GitHub/to-do/functions/node_modules/firebase-functions/lib/index.js"}
[debug] [2021-03-05T19:04:27.291Z] DEBUG: [runtime-status] [2895] Checked functions.config() {"config":{}}
[debug] [2021-03-05T19:04:27.291Z] DEBUG: [runtime-status] [2895] firebase-functions has been stubbed. {"functionsResolution":{"declared":true,"installed":true,"version":"3.13.2","resolution":"/Users/avaludlam/Documents/GitHub/to-do/functions/node_modules/firebase-functions/lib/index.js"}}
[debug] [2021-03-05T19:04:27.291Z] DEBUG: [runtime-status] [2895] Resolved module firebase-functions {"declared":true,"installed":true,"version":"3.13.2","resolution":"/Users/avaludlam/Documents/GitHub/to-do/functions/node_modules/firebase-functions/lib/index.js"}
[debug] [2021-03-05T19:04:27.292Z] DEBUG: [runtime-status] [2895] Resolved module firebase-admin {"declared":true,"installed":true,"version":"9.5.0","resolution":"/Users/avaludlam/Documents/GitHub/to-do/functions/node_modules/firebase-admin/lib/index.js"}
[debug] [2021-03-05T19:04:27.293Z] DEBUG: [runtime-status] [2895] Resolved module firebase-functions {"declared":true,"installed":true,"version":"3.13.2","resolution":"/Users/avaludlam/Documents/GitHub/to-do/functions/node_modules/firebase-functions/lib/index.js"}
[debug] [2021-03-05T19:04:27.293Z] DEBUG: [runtime-status] [2895] firebase-admin has been stubbed. {"adminResolution":{"declared":true,"installed":true,"version":"9.5.0","resolution":"/Users/avaludlam/Documents/GitHub/to-do/functions/node_modules/firebase-admin/lib/index.js"}}
[debug] [2021-03-05T19:04:27.295Z] DEBUG: [runtime-status] [2895] initializeApp(DEFAULT) {"storageBucket":"authentication-d0870.appspot.com","databaseURL":"https://authentication-d0870.firebaseio.com","projectId":"authentication-d0870"}
[debug] [2021-03-05T19:04:27.513Z] DEBUG: [worker-~diagnostic~-74f5be0a-0dc1-4475-b945-a4608c73c1c0]: IDLE
